

**************************************************************************************
*                                                                                    *
*   Nome da Empresa : Home                                                           *
*                                                                                    *
*   Autor : Leandro                                                                  *
*                                                                                    *
*   Data : 18 / 10 / 2008                                                            *
*                                                                                    *
*   Projeto : Log de Debug                                                           *
*                                                                                    *
*                                                                                    *
**************************************************************************************



**************************************************************************************
*                                                                                    *
*   Nome da Empresa : Home                                                           *
*                                                                                    *
*   Autor : Leandro                                                                  *
*                                                                                    *
*   Data : 18 / 10 / 2008                                                            *
*                                                                                    *
*   Projeto : Log de Debug                                                           *
*                                                                                    *
*                                                                                    *
**************************************************************************************

[20090119065232]  mais [um] [teste] 
